{
  "RSpec": {
    "coverage": {
      "/home/ad/fshome1/u1/a/anttkari/Linux/harkkatyoRoR/fifaChampions/config/environment.rb": [
        null,
        1,
        null,
        null,
        1
      ],
      "/home/ad/fshome1/u1/a/anttkari/Linux/harkkatyoRoR/fifaChampions/config/application.rb": [
        1,
        null,
        1,
        null,
        null,
        null,
        1,
        null,
        1,
        1,
        null,
        null,
        null,
        null,
        null,
        null,
        null,
        null,
        null,
        null,
        null,
        null,
        null
      ],
      "/home/ad/fshome1/u1/a/anttkari/Linux/harkkatyoRoR/fifaChampions/config/boot.rb": [
        null,
        1,
        null,
        1
      ],
      "/home/ad/fshome1/u1/a/anttkari/Linux/harkkatyoRoR/fifaChampions/config/environments/test.rb": [
        1,
        null,
        null,
        null,
        null,
        null,
        null,
        1,
        null,
        null,
        null,
        null,
        1,
        null,
        null,
        1,
        1,
        null,
        null,
        1,
        1,
        null,
        null,
        1,
        null,
        null,
        1,
        null,
        null,
        null,
        null,
        1,
        null,
        null,
        1,
        null
      ],
      "/home/ad/fshome1/u1/a/anttkari/Linux/harkkatyoRoR/fifaChampions/config/initializers/backtrace_silencers.rb": [
        null,
        null,
        null,
        null,
        null,
        null,
        null
      ],
      "/home/ad/fshome1/u1/a/anttkari/Linux/harkkatyoRoR/fifaChampions/config/initializers/devise.rb": [
        null,
        null,
        1,
        null,
        null,
        null,
        null,
        1,
        null,
        null,
        null,
        null,
        1,
        null,
        null,
        null,
        null,
        null,
        null,
        null,
        null,
        1,
        null,
        null,
        null,
        null,
        null,
        null,
        null,
        null,
        null,
        1,
        null,
        null,
        null,
        null,
        null,
        null,
        null,
        null,
        null,
        null,
        null,
        1,
        null,
        null,
        null,
        null,
        1,
        null,
        null,
        null,
        null,
        null,
        null,
        null,
        null,
        null,
        null,
        null,
        null,
        null,
        null,
        null,
        null,
        null,
        null,
        null,
        null,
        null,
        null,
        null,
        null,
        null,
        null,
        null,
        null,
        null,
        null,
        1,
        null,
        null,
        null,
        null,
        null,
        null,
        null,
        null,
        null,
        null,
        null,
        null,
        null,
        null,
        1,
        null,
        null,
        null,
        null,
        null,
        null,
        null,
        null,
        null,
        null,
        null,
        null,
        null,
        null,
        null,
        null,
        null,
        null,
        null,
        null,
        null,
        null,
        null,
        null,
        1,
        null,
        null,
        null,
        null,
        null,
        null,
        null,
        null,
        null,
        null,
        null,
        null,
        null,
        null,
        null,
        null,
        null,
        1,
        null,
        null,
        null,
        null,
        null,
        null,
        null,
        null,
        null,
        null,
        null,
        null,
        null,
        null,
        null,
        null,
        null,
        null,
        null,
        null,
        null,
        null,
        null,
        null,
        null,
        null,
        null,
        null,
        null,
        null,
        null,
        null,
        null,
        null,
        null,
        null,
        null,
        null,
        null,
        null,
        null,
        null,
        null,
        null,
        null,
        null,
        null,
        null,
        1,
        null,
        null,
        null,
        null,
        null,
        null,
        null,
        null,
        null,
        null,
        null,
        null,
        null,
        null,
        null,
        null,
        null,
        null,
        null,
        null,
        null,
        null,
        null,
        null,
        null,
        null,
        null,
        null,
        null,
        null,
        null,
        null,
        null,
        null,
        null,
        null,
        null,
        1,
        null,
        null,
        null,
        null,
        null,
        null,
        null,
        null,
        null,
        null,
        null,
        null,
        null,
        null,
        null,
        null,
        null,
        null,
        null,
        null,
        null,
        null,
        null,
        null,
        null,
        null,
        null,
        null,
        null
      ],
      "/home/ad/fshome1/u1/a/anttkari/Linux/harkkatyoRoR/fifaChampions/config/initializers/filter_parameter_logging.rb": [
        null,
        null,
        null,
        1
      ],
      "/home/ad/fshome1/u1/a/anttkari/Linux/harkkatyoRoR/fifaChampions/config/initializers/inflections.rb": [
        null,
        null,
        null,
        null,
        null,
        null,
        null,
        null,
        null,
        null,
        null,
        null,
        null,
        null,
        null,
        null
      ],
      "/home/ad/fshome1/u1/a/anttkari/Linux/harkkatyoRoR/fifaChampions/config/initializers/mime_types.rb": [
        null,
        null,
        null,
        null,
        null
      ],
      "/home/ad/fshome1/u1/a/anttkari/Linux/harkkatyoRoR/fifaChampions/config/initializers/secret_token.rb": [
        null,
        null,
        null,
        null,
        null,
        null,
        null,
        null,
        null,
        null,
        null,
        1
      ],
      "/home/ad/fshome1/u1/a/anttkari/Linux/harkkatyoRoR/fifaChampions/config/initializers/session_store.rb": [
        null,
        null,
        1
      ],
      "/home/ad/fshome1/u1/a/anttkari/Linux/harkkatyoRoR/fifaChampions/config/initializers/wrap_parameters.rb": [
        null,
        null,
        null,
        null,
        null,
        null,
        1,
        1,
        null,
        null,
        null,
        null,
        null,
        null
      ],
      "/home/ad/fshome1/u1/a/anttkari/Linux/harkkatyoRoR/fifaChampions/spec/factories.rb": [
        1,
        1,
        5,
        5,
        1,
        null,
        null,
        1,
        1,
        null,
        null,
        1,
        1,
        1,
        1,
        1,
        1,
        null,
        null,
        1,
        1,
        null,
        null,
        1,
        1,
        null,
        null
      ],
      "/home/ad/fshome1/u1/a/anttkari/Linux/harkkatyoRoR/fifaChampions/config/routes.rb": [
        1,
        1,
        null,
        1,
        null,
        1,
        null,
        1,
        null,
        1,
        1,
        1,
        null,
        1,
        null,
        null,
        null,
        null,
        null,
        null,
        null,
        null,
        null,
        null,
        null,
        null,
        null,
        null,
        null,
        null,
        null,
        null,
        null,
        null,
        null,
        null,
        null,
        null,
        null,
        null,
        null,
        null,
        null,
        null,
        null,
        null,
        null,
        null,
        null,
        null,
        null,
        null,
        null,
        null,
        null,
        null,
        null,
        null,
        null,
        null,
        null,
        null,
        null,
        null,
        null,
        null,
        null,
        null,
        null
      ],
      "/home/ad/fshome1/u1/a/anttkari/Linux/harkkatyoRoR/fifaChampions/app/models/user.rb": [
        1,
        null,
        null,
        1,
        1,
        1,
        1,
        1,
        1,
        null,
        1,
        0,
        null,
        null,
        1,
        0,
        null,
        null,
        1,
        0,
        0,
        0,
        null,
        0,
        null,
        null,
        1,
        0,
        0,
        null,
        null,
        1,
        0,
        null,
        null,
        1,
        0,
        null,
        null,
        1,
        0,
        null,
        null,
        1,
        0,
        0,
        0,
        0,
        0,
        null,
        0,
        null,
        null,
        1,
        8,
        null,
        null
      ],
      "/home/ad/fshome1/u1/a/anttkari/Linux/harkkatyoRoR/fifaChampions/app/helpers/application_helper.rb": [
        1,
        null
      ],
      "/home/ad/fshome1/u1/a/anttkari/Linux/harkkatyoRoR/fifaChampions/app/helpers/players_helper.rb": [
        1,
        null
      ],
      "/home/ad/fshome1/u1/a/anttkari/Linux/harkkatyoRoR/fifaChampions/app/helpers/teams_helper.rb": [
        1,
        null
      ],
      "/home/ad/fshome1/u1/a/anttkari/Linux/harkkatyoRoR/fifaChampions/app/helpers/tournament_stats_helper.rb": [
        1,
        null
      ],
      "/home/ad/fshome1/u1/a/anttkari/Linux/harkkatyoRoR/fifaChampions/app/helpers/tournaments_helper.rb": [
        1,
        null
      ],
      "/home/ad/fshome1/u1/a/anttkari/Linux/harkkatyoRoR/fifaChampions/app/helpers/users_helper.rb": [
        1,
        null
      ],
      "/home/ad/fshome1/u1/a/anttkari/Linux/harkkatyoRoR/fifaChampions/app/models/team.rb": [
        1,
        1,
        1,
        1,
        1,
        null,
        1,
        0,
        null,
        null
      ],
      "/home/ad/fshome1/u1/a/anttkari/Linux/harkkatyoRoR/fifaChampions/app/controllers/tournaments_controller.rb": [
        1,
        1,
        1,
        null,
        null,
        null,
        1,
        1,
        null,
        null,
        1,
        0,
        0,
        0,
        0,
        0,
        0,
        null,
        null,
        null,
        null,
        1,
        null,
        null,
        null,
        1,
        4,
        null,
        null,
        null,
        1,
        null,
        null,
        null,
        null,
        1,
        null,
        4,
        null,
        null,
        null,
        4,
        4,
        6,
        3,
        null,
        2,
        1,
        null,
        null,
        null,
        null,
        null,
        null,
        1,
        0,
        0,
        0,
        0,
        null,
        0,
        0,
        null,
        null,
        null,
        null,
        null,
        null,
        1,
        0,
        0,
        0,
        0,
        null,
        null,
        null,
        1,
        null,
        1,
        3,
        null,
        null,
        1,
        8,
        8,
        null,
        null,
        null,
        1,
        4,
        null,
        null,
        1,
        0,
        null,
        null
      ],
      "/home/ad/fshome1/u1/a/anttkari/Linux/harkkatyoRoR/fifaChampions/app/controllers/application_controller.rb": [
        1,
        null,
        null,
        1,
        null,
        1,
        1,
        0,
        0,
        null,
        null,
        0,
        0,
        null,
        null,
        null
      ],
      "/home/ad/fshome1/u1/a/anttkari/Linux/harkkatyoRoR/fifaChampions/app/models/tournament.rb": [
        1,
        1,
        1,
        null,
        1,
        null,
        1,
        null,
        1,
        null,
        1,
        4,
        4,
        null,
        null,
        1,
        18,
        8,
        2,
        null,
        null,
        null,
        null
      ],
      "/home/ad/fshome1/u1/a/anttkari/Linux/harkkatyoRoR/fifaChampions/app/models/tournament_stat.rb": [
        1,
        null,
        1,
        null,
        1,
        1,
        1,
        null,
        1,
        0,
        0,
        null,
        null,
        null
      ]
    },
    "timestamp": 1398340566
  }
}
