{
  "RSpec": {
    "coverage": {
      "/home/ad/fshome1/u1/a/anttkari/Linux/harkkatyoRoR/fifaChampions/config/environment.rb": [
        null,
        1,
        null,
        null,
        1
      ],
      "/home/ad/fshome1/u1/a/anttkari/Linux/harkkatyoRoR/fifaChampions/config/application.rb": [
        1,
        null,
        1,
        null,
        null,
        null,
        1,
        null,
        1,
        1,
        null,
        null,
        null,
        null,
        null,
        null,
        null,
        null,
        null,
        null,
        null,
        null,
        null
      ],
      "/home/ad/fshome1/u1/a/anttkari/Linux/harkkatyoRoR/fifaChampions/config/boot.rb": [
        null,
        1,
        null,
        1
      ],
      "/home/ad/fshome1/u1/a/anttkari/Linux/harkkatyoRoR/fifaChampions/config/environments/test.rb": [
        1,
        null,
        null,
        null,
        null,
        null,
        null,
        1,
        null,
        null,
        null,
        null,
        1,
        null,
        null,
        1,
        1,
        null,
        null,
        1,
        1,
        null,
        null,
        1,
        null,
        null,
        1,
        null,
        null,
        null,
        null,
        1,
        null,
        null,
        1,
        null
      ],
      "/home/ad/fshome1/u1/a/anttkari/Linux/harkkatyoRoR/fifaChampions/config/initializers/backtrace_silencers.rb": [
        null,
        null,
        null,
        null,
        null,
        null,
        null
      ],
      "/home/ad/fshome1/u1/a/anttkari/Linux/harkkatyoRoR/fifaChampions/config/initializers/devise.rb": [
        null,
        null,
        1,
        null,
        null,
        null,
        null,
        1,
        null,
        null,
        null,
        null,
        1,
        null,
        null,
        null,
        null,
        null,
        null,
        null,
        null,
        1,
        null,
        null,
        null,
        null,
        null,
        null,
        null,
        null,
        null,
        1,
        null,
        null,
        null,
        null,
        null,
        null,
        null,
        null,
        null,
        null,
        null,
        1,
        null,
        null,
        null,
        null,
        1,
        null,
        null,
        null,
        null,
        null,
        null,
        null,
        null,
        null,
        null,
        null,
        null,
        null,
        null,
        null,
        null,
        null,
        null,
        null,
        null,
        null,
        null,
        null,
        null,
        null,
        null,
        null,
        null,
        null,
        null,
        1,
        null,
        null,
        null,
        null,
        null,
        null,
        null,
        null,
        null,
        null,
        null,
        null,
        null,
        null,
        1,
        null,
        null,
        null,
        null,
        null,
        null,
        null,
        null,
        null,
        null,
        null,
        null,
        null,
        null,
        null,
        null,
        null,
        null,
        null,
        null,
        null,
        null,
        null,
        null,
        1,
        null,
        null,
        null,
        null,
        null,
        null,
        null,
        null,
        null,
        null,
        null,
        null,
        null,
        null,
        null,
        null,
        null,
        1,
        null,
        null,
        null,
        null,
        null,
        null,
        null,
        null,
        null,
        null,
        null,
        null,
        null,
        null,
        null,
        null,
        null,
        null,
        null,
        null,
        null,
        null,
        null,
        null,
        null,
        null,
        null,
        null,
        null,
        null,
        null,
        null,
        null,
        null,
        null,
        null,
        null,
        null,
        null,
        null,
        null,
        null,
        null,
        null,
        null,
        null,
        null,
        null,
        1,
        null,
        null,
        null,
        null,
        null,
        null,
        null,
        null,
        null,
        null,
        null,
        null,
        null,
        null,
        null,
        null,
        null,
        null,
        null,
        null,
        null,
        null,
        null,
        null,
        null,
        null,
        null,
        null,
        null,
        null,
        null,
        null,
        null,
        null,
        null,
        null,
        null,
        1,
        null,
        null,
        null,
        null,
        null,
        null,
        null,
        null,
        null,
        null,
        null,
        null,
        null,
        null,
        null,
        null,
        null,
        null,
        null,
        null,
        null,
        null,
        null,
        null,
        null,
        null,
        null,
        null,
        null
      ],
      "/home/ad/fshome1/u1/a/anttkari/Linux/harkkatyoRoR/fifaChampions/config/initializers/filter_parameter_logging.rb": [
        null,
        null,
        null,
        1
      ],
      "/home/ad/fshome1/u1/a/anttkari/Linux/harkkatyoRoR/fifaChampions/config/initializers/inflections.rb": [
        null,
        null,
        null,
        null,
        null,
        null,
        null,
        null,
        null,
        null,
        null,
        null,
        null,
        null,
        null,
        null
      ],
      "/home/ad/fshome1/u1/a/anttkari/Linux/harkkatyoRoR/fifaChampions/config/initializers/mime_types.rb": [
        null,
        null,
        null,
        null,
        null
      ],
      "/home/ad/fshome1/u1/a/anttkari/Linux/harkkatyoRoR/fifaChampions/config/initializers/secret_token.rb": [
        null,
        null,
        null,
        null,
        null,
        null,
        null,
        null,
        null,
        null,
        null,
        1
      ],
      "/home/ad/fshome1/u1/a/anttkari/Linux/harkkatyoRoR/fifaChampions/config/initializers/session_store.rb": [
        null,
        null,
        1
      ],
      "/home/ad/fshome1/u1/a/anttkari/Linux/harkkatyoRoR/fifaChampions/config/initializers/wrap_parameters.rb": [
        null,
        null,
        null,
        null,
        null,
        null,
        1,
        1,
        null,
        null,
        null,
        null,
        null,
        null
      ],
      "/home/ad/fshome1/u1/a/anttkari/Linux/harkkatyoRoR/fifaChampions/spec/factories.rb": [
        1,
        1,
        9,
        15,
        1,
        null,
        null,
        1,
        7,
        null,
        null,
        1,
        1,
        1,
        1,
        1,
        null,
        null,
        1,
        19,
        null,
        null,
        1,
        1,
        null,
        null
      ],
      "/home/ad/fshome1/u1/a/anttkari/Linux/harkkatyoRoR/fifaChampions/config/routes.rb": [
        1,
        1,
        null,
        1,
        null,
        1,
        null,
        1,
        null,
        1,
        1,
        1,
        null,
        1,
        null,
        null,
        null,
        null,
        null,
        null,
        null,
        null,
        null,
        null,
        null,
        null,
        null,
        null,
        null,
        null,
        null,
        null,
        null,
        null,
        null,
        null,
        null,
        null,
        null,
        null,
        null,
        null,
        null,
        null,
        null,
        null,
        null,
        null,
        null,
        null,
        null,
        null,
        null,
        null,
        null,
        null,
        null,
        null,
        null,
        null,
        null,
        null,
        null,
        null,
        null,
        null,
        null,
        null,
        null
      ],
      "/home/ad/fshome1/u1/a/anttkari/Linux/harkkatyoRoR/fifaChampions/app/models/user.rb": [
        1,
        null,
        null,
        1,
        1,
        1,
        1,
        1,
        1,
        null,
        1,
        2,
        null,
        null,
        1,
        1,
        null,
        null,
        1,
        1,
        1,
        2,
        null,
        1,
        null,
        null,
        1,
        0,
        0,
        null,
        null,
        1,
        0,
        null,
        null,
        1,
        0,
        null,
        null,
        1,
        0,
        null,
        null,
        1,
        0,
        0,
        0,
        0,
        0,
        null,
        0,
        null,
        null,
        1,
        0,
        null,
        null
      ],
      "/home/ad/fshome1/u1/a/anttkari/Linux/harkkatyoRoR/fifaChampions/app/helpers/application_helper.rb": [
        1,
        null
      ],
      "/home/ad/fshome1/u1/a/anttkari/Linux/harkkatyoRoR/fifaChampions/app/helpers/players_helper.rb": [
        1,
        null
      ],
      "/home/ad/fshome1/u1/a/anttkari/Linux/harkkatyoRoR/fifaChampions/app/helpers/teams_helper.rb": [
        1,
        null
      ],
      "/home/ad/fshome1/u1/a/anttkari/Linux/harkkatyoRoR/fifaChampions/app/helpers/tournament_stats_helper.rb": [
        1,
        null
      ],
      "/home/ad/fshome1/u1/a/anttkari/Linux/harkkatyoRoR/fifaChampions/app/helpers/tournaments_helper.rb": [
        1,
        null
      ],
      "/home/ad/fshome1/u1/a/anttkari/Linux/harkkatyoRoR/fifaChampions/app/helpers/users_helper.rb": [
        1,
        null
      ],
      "/home/ad/fshome1/u1/a/anttkari/Linux/harkkatyoRoR/fifaChampions/spec/support/helpers/own_test_helper.rb": [
        1,
        null,
        1,
        0,
        0,
        0,
        0,
        null,
        null,
        1,
        0,
        0,
        0,
        null,
        null,
        1,
        0,
        0,
        0,
        null,
        null,
        1,
        0,
        0,
        null,
        null,
        1,
        0,
        0,
        0,
        0,
        0,
        null,
        null,
        null
      ],
      "/home/ad/fshome1/u1/a/anttkari/Linux/harkkatyoRoR/fifaChampions/app/models/tournament.rb": [
        1,
        1,
        1,
        null,
        1,
        null,
        1,
        null,
        1,
        null,
        1,
        12,
        12,
        null,
        null,
        1,
        24,
        24,
        0,
        null,
        null,
        null,
        null
      ],
      "/home/ad/fshome1/u1/a/anttkari/Linux/harkkatyoRoR/fifaChampions/app/models/tournament_stat.rb": [
        1,
        1,
        1,
        1,
        null,
        1,
        0,
        0,
        null,
        null,
        null
      ],
      "/home/ad/fshome1/u1/a/anttkari/Linux/harkkatyoRoR/fifaChampions/app/models/team.rb": [
        1,
        1,
        1,
        1,
        1,
        null,
        1,
        0,
        null,
        null
      ]
    },
    "timestamp": 1397478028
  }
}
